The system is: Linux - 4.4.0-148-generic - x86_64
Compiling the C compiler identification source file "CMakeCCompilerId.c" succeeded.
Compiler: /usr/bin/cc 
Build flags: 
Id flags: 

The output was:
0


Compilation of the C compiler identification source "CMakeCCompilerId.c" produced "a.out"

The C compiler identification is GNU, found in "/home/atakan/Algorithms/BubbleSort/CMakeFiles/2.8.12.2/CompilerIdC/a.out"

Compiling the CXX compiler identification source file "CMakeCXXCompilerId.cpp" succeeded.
Compiler: /home/atakan/CROSS_COMPILE/gcc-linaro-4.9-2016.02-x86_64_arm-linux-gnueabihf/bin/arm-linux-gnueabihf-g++ 
Build flags: 
Id flags: 

The output was:
0


Compilation of the CXX compiler identification source "CMakeCXXCompilerId.cpp" produced "a.out"

The CXX compiler identification is GNU, found in "/home/atakan/Algorithms/BubbleSort/CMakeFiles/2.8.12.2/CompilerIdCXX/a.out"

Determining if the C compiler works passed with the following output:
Change Dir: /home/atakan/Algorithms/BubbleSort/CMakeFiles/CMakeTmp

Run Build Command:/usr/bin/make "cmTryCompileExec463943277/fast"
/usr/bin/make -f CMakeFiles/cmTryCompileExec463943277.dir/build.make CMakeFiles/cmTryCompileExec463943277.dir/build
make[1]: Entering directory `/home/atakan/Algorithms/BubbleSort/CMakeFiles/CMakeTmp'
/usr/bin/cmake -E cmake_progress_report /home/atakan/Algorithms/BubbleSort/CMakeFiles/CMakeTmp/CMakeFiles 1
Building C object CMakeFiles/cmTryCompileExec463943277.dir/testCCompiler.c.o
/usr/bin/cc    -o CMakeFiles/cmTryCompileExec463943277.dir/testCCompiler.c.o   -c /home/atakan/Algorithms/BubbleSort/CMakeFiles/CMakeTmp/testCCompiler.c
Linking C executable cmTryCompileExec463943277
/usr/bin/cmake -E cmake_link_script CMakeFiles/cmTryCompileExec463943277.dir/link.txt --verbose=1
/usr/bin/cc       CMakeFiles/cmTryCompileExec463943277.dir/testCCompiler.c.o  -o cmTryCompileExec463943277 -rdynamic 
make[1]: Leaving directory `/home/atakan/Algorithms/BubbleSort/CMakeFiles/CMakeTmp'


Detecting C compiler ABI info compiled with the following output:
Change Dir: /home/atakan/Algorithms/BubbleSort/CMakeFiles/CMakeTmp

Run Build Command:/usr/bin/make "cmTryCompileExec659749725/fast"
/usr/bin/make -f CMakeFiles/cmTryCompileExec659749725.dir/build.make CMakeFiles/cmTryCompileExec659749725.dir/build
make[1]: Entering directory `/home/atakan/Algorithms/BubbleSort/CMakeFiles/CMakeTmp'
/usr/bin/cmake -E cmake_progress_report /home/atakan/Algorithms/BubbleSort/CMakeFiles/CMakeTmp/CMakeFiles 1
Building C object CMakeFiles/cmTryCompileExec659749725.dir/CMakeCCompilerABI.c.o
/usr/bin/cc    -o CMakeFiles/cmTryCompileExec659749725.dir/CMakeCCompilerABI.c.o   -c /usr/share/cmake-2.8/Modules/CMakeCCompilerABI.c
Linking C executable cmTryCompileExec659749725
/usr/bin/cmake -E cmake_link_script CMakeFiles/cmTryCompileExec659749725.dir/link.txt --verbose=1
/usr/bin/cc     -v CMakeFiles/cmTryCompileExec659749725.dir/CMakeCCompilerABI.c.o  -o cmTryCompileExec659749725 -rdynamic  
Using built-in specs.
COLLECT_GCC=/usr/bin/cc
COLLECT_LTO_WRAPPER=/usr/lib/gcc/x86_64-linux-gnu/4.8/lto-wrapper
Target: x86_64-linux-gnu
Configured with: ../src/configure -v --with-pkgversion='Ubuntu 4.8.4-2ubuntu1~14.04.4' --with-bugurl=file:///usr/share/doc/gcc-4.8/README.Bugs --enable-languages=c,c++,java,go,d,fortran,objc,obj-c++ --prefix=/usr --program-suffix=-4.8 --enable-shared --enable-linker-build-id --libexecdir=/usr/lib --without-included-gettext --enable-threads=posix --with-gxx-include-dir=/usr/include/c++/4.8 --libdir=/usr/lib --enable-nls --with-sysroot=/ --enable-clocale=gnu --enable-libstdcxx-debug --enable-libstdcxx-time=yes --enable-gnu-unique-object --disable-libmudflap --enable-plugin --with-system-zlib --disable-browser-plugin --enable-java-awt=gtk --enable-gtk-cairo --with-java-home=/usr/lib/jvm/java-1.5.0-gcj-4.8-amd64/jre --enable-java-home --with-jvm-root-dir=/usr/lib/jvm/java-1.5.0-gcj-4.8-amd64 --with-jvm-jar-dir=/usr/lib/jvm-exports/java-1.5.0-gcj-4.8-amd64 --with-arch-directory=amd64 --with-ecj-jar=/usr/share/java/eclipse-ecj.jar --enable-objc-gc --enable-multiarch --disable-werror --with-arch-32=i686 --with-abi=m64 --with-multilib-list=m32,m64,mx32 --with-tune=generic --enable-checking=release --build=x86_64-linux-gnu --host=x86_64-linux-gnu --target=x86_64-linux-gnu
Thread model: posix
gcc version 4.8.4 (Ubuntu 4.8.4-2ubuntu1~14.04.4) 
COMPILER_PATH=/usr/lib/gcc/x86_64-linux-gnu/4.8/:/usr/lib/gcc/x86_64-linux-gnu/4.8/:/usr/lib/gcc/x86_64-linux-gnu/:/usr/lib/gcc/x86_64-linux-gnu/4.8/:/usr/lib/gcc/x86_64-linux-gnu/
LIBRARY_PATH=/usr/lib/gcc/x86_64-linux-gnu/4.8/:/usr/lib/gcc/x86_64-linux-gnu/4.8/../../../x86_64-linux-gnu/:/usr/lib/gcc/x86_64-linux-gnu/4.8/../../../../lib/:/lib/x86_64-linux-gnu/:/lib/../lib/:/usr/lib/x86_64-linux-gnu/:/usr/lib/../lib/:/usr/lib/gcc/x86_64-linux-gnu/4.8/../../../:/lib/:/usr/lib/
COLLECT_GCC_OPTIONS='-v' '-o' 'cmTryCompileExec659749725' '-rdynamic' '-mtune=generic' '-march=x86-64'
 /usr/lib/gcc/x86_64-linux-gnu/4.8/collect2 --sysroot=/ --build-id --eh-frame-hdr -m elf_x86_64 --hash-style=gnu --as-needed -export-dynamic -dynamic-linker /lib64/ld-linux-x86-64.so.2 -z relro -o cmTryCompileExec659749725 /usr/lib/gcc/x86_64-linux-gnu/4.8/../../../x86_64-linux-gnu/crt1.o /usr/lib/gcc/x86_64-linux-gnu/4.8/../../../x86_64-linux-gnu/crti.o /usr/lib/gcc/x86_64-linux-gnu/4.8/crtbegin.o -L/usr/lib/gcc/x86_64-linux-gnu/4.8 -L/usr/lib/gcc/x86_64-linux-gnu/4.8/../../../x86_64-linux-gnu -L/usr/lib/gcc/x86_64-linux-gnu/4.8/../../../../lib -L/lib/x86_64-linux-gnu -L/lib/../lib -L/usr/lib/x86_64-linux-gnu -L/usr/lib/../lib -L/usr/lib/gcc/x86_64-linux-gnu/4.8/../../.. CMakeFiles/cmTryCompileExec659749725.dir/CMakeCCompilerABI.c.o -lgcc --as-needed -lgcc_s --no-as-needed -lc -lgcc --as-needed -lgcc_s --no-as-needed /usr/lib/gcc/x86_64-linux-gnu/4.8/crtend.o /usr/lib/gcc/x86_64-linux-gnu/4.8/../../../x86_64-linux-gnu/crtn.o
make[1]: Leaving directory `/home/atakan/Algorithms/BubbleSort/CMakeFiles/CMakeTmp'


Parsed C implicit link information from above output:
  link line regex: [^( *|.*[/\])(ld|([^/\]+-)?ld|collect2)[^/\]*( |$)]
  ignore line: [Change Dir: /home/atakan/Algorithms/BubbleSort/CMakeFiles/CMakeTmp]
  ignore line: []
  ignore line: [Run Build Command:/usr/bin/make "cmTryCompileExec659749725/fast"]
  ignore line: [/usr/bin/make -f CMakeFiles/cmTryCompileExec659749725.dir/build.make CMakeFiles/cmTryCompileExec659749725.dir/build]
  ignore line: [make[1]: Entering directory `/home/atakan/Algorithms/BubbleSort/CMakeFiles/CMakeTmp']
  ignore line: [/usr/bin/cmake -E cmake_progress_report /home/atakan/Algorithms/BubbleSort/CMakeFiles/CMakeTmp/CMakeFiles 1]
  ignore line: [Building C object CMakeFiles/cmTryCompileExec659749725.dir/CMakeCCompilerABI.c.o]
  ignore line: [/usr/bin/cc    -o CMakeFiles/cmTryCompileExec659749725.dir/CMakeCCompilerABI.c.o   -c /usr/share/cmake-2.8/Modules/CMakeCCompilerABI.c]
  ignore line: [Linking C executable cmTryCompileExec659749725]
  ignore line: [/usr/bin/cmake -E cmake_link_script CMakeFiles/cmTryCompileExec659749725.dir/link.txt --verbose=1]
  ignore line: [/usr/bin/cc     -v CMakeFiles/cmTryCompileExec659749725.dir/CMakeCCompilerABI.c.o  -o cmTryCompileExec659749725 -rdynamic  ]
  ignore line: [Using built-in specs.]
  ignore line: [COLLECT_GCC=/usr/bin/cc]
  ignore line: [COLLECT_LTO_WRAPPER=/usr/lib/gcc/x86_64-linux-gnu/4.8/lto-wrapper]
  ignore line: [Target: x86_64-linux-gnu]
  ignore line: [Configured with: ../src/configure -v --with-pkgversion='Ubuntu 4.8.4-2ubuntu1~14.04.4' --with-bugurl=file:///usr/share/doc/gcc-4.8/README.Bugs --enable-languages=c,c++,java,go,d,fortran,objc,obj-c++ --prefix=/usr --program-suffix=-4.8 --enable-shared --enable-linker-build-id --libexecdir=/usr/lib --without-included-gettext --enable-threads=posix --with-gxx-include-dir=/usr/include/c++/4.8 --libdir=/usr/lib --enable-nls --with-sysroot=/ --enable-clocale=gnu --enable-libstdcxx-debug --enable-libstdcxx-time=yes --enable-gnu-unique-object --disable-libmudflap --enable-plugin --with-system-zlib --disable-browser-plugin --enable-java-awt=gtk --enable-gtk-cairo --with-java-home=/usr/lib/jvm/java-1.5.0-gcj-4.8-amd64/jre --enable-java-home --with-jvm-root-dir=/usr/lib/jvm/java-1.5.0-gcj-4.8-amd64 --with-jvm-jar-dir=/usr/lib/jvm-exports/java-1.5.0-gcj-4.8-amd64 --with-arch-directory=amd64 --with-ecj-jar=/usr/share/java/eclipse-ecj.jar --enable-objc-gc --enable-multiarch --disable-werror --with-arch-32=i686 --with-abi=m64 --with-multilib-list=m32,m64,mx32 --with-tune=generic --enable-checking=release --build=x86_64-linux-gnu --host=x86_64-linux-gnu --target=x86_64-linux-gnu]
  ignore line: [Thread model: posix]
  ignore line: [gcc version 4.8.4 (Ubuntu 4.8.4-2ubuntu1~14.04.4) ]
  ignore line: [COMPILER_PATH=/usr/lib/gcc/x86_64-linux-gnu/4.8/:/usr/lib/gcc/x86_64-linux-gnu/4.8/:/usr/lib/gcc/x86_64-linux-gnu/:/usr/lib/gcc/x86_64-linux-gnu/4.8/:/usr/lib/gcc/x86_64-linux-gnu/]
  ignore line: [LIBRARY_PATH=/usr/lib/gcc/x86_64-linux-gnu/4.8/:/usr/lib/gcc/x86_64-linux-gnu/4.8/../../../x86_64-linux-gnu/:/usr/lib/gcc/x86_64-linux-gnu/4.8/../../../../lib/:/lib/x86_64-linux-gnu/:/lib/../lib/:/usr/lib/x86_64-linux-gnu/:/usr/lib/../lib/:/usr/lib/gcc/x86_64-linux-gnu/4.8/../../../:/lib/:/usr/lib/]
  ignore line: [COLLECT_GCC_OPTIONS='-v' '-o' 'cmTryCompileExec659749725' '-rdynamic' '-mtune=generic' '-march=x86-64']
  link line: [ /usr/lib/gcc/x86_64-linux-gnu/4.8/collect2 --sysroot=/ --build-id --eh-frame-hdr -m elf_x86_64 --hash-style=gnu --as-needed -export-dynamic -dynamic-linker /lib64/ld-linux-x86-64.so.2 -z relro -o cmTryCompileExec659749725 /usr/lib/gcc/x86_64-linux-gnu/4.8/../../../x86_64-linux-gnu/crt1.o /usr/lib/gcc/x86_64-linux-gnu/4.8/../../../x86_64-linux-gnu/crti.o /usr/lib/gcc/x86_64-linux-gnu/4.8/crtbegin.o -L/usr/lib/gcc/x86_64-linux-gnu/4.8 -L/usr/lib/gcc/x86_64-linux-gnu/4.8/../../../x86_64-linux-gnu -L/usr/lib/gcc/x86_64-linux-gnu/4.8/../../../../lib -L/lib/x86_64-linux-gnu -L/lib/../lib -L/usr/lib/x86_64-linux-gnu -L/usr/lib/../lib -L/usr/lib/gcc/x86_64-linux-gnu/4.8/../../.. CMakeFiles/cmTryCompileExec659749725.dir/CMakeCCompilerABI.c.o -lgcc --as-needed -lgcc_s --no-as-needed -lc -lgcc --as-needed -lgcc_s --no-as-needed /usr/lib/gcc/x86_64-linux-gnu/4.8/crtend.o /usr/lib/gcc/x86_64-linux-gnu/4.8/../../../x86_64-linux-gnu/crtn.o]
    arg [/usr/lib/gcc/x86_64-linux-gnu/4.8/collect2] ==> ignore
    arg [--sysroot=/] ==> ignore
    arg [--build-id] ==> ignore
    arg [--eh-frame-hdr] ==> ignore
    arg [-m] ==> ignore
    arg [elf_x86_64] ==> ignore
    arg [--hash-style=gnu] ==> ignore
    arg [--as-needed] ==> ignore
    arg [-export-dynamic] ==> ignore
    arg [-dynamic-linker] ==> ignore
    arg [/lib64/ld-linux-x86-64.so.2] ==> ignore
    arg [-zrelro] ==> ignore
    arg [-o] ==> ignore
    arg [cmTryCompileExec659749725] ==> ignore
    arg [/usr/lib/gcc/x86_64-linux-gnu/4.8/../../../x86_64-linux-gnu/crt1.o] ==> ignore
    arg [/usr/lib/gcc/x86_64-linux-gnu/4.8/../../../x86_64-linux-gnu/crti.o] ==> ignore
    arg [/usr/lib/gcc/x86_64-linux-gnu/4.8/crtbegin.o] ==> ignore
    arg [-L/usr/lib/gcc/x86_64-linux-gnu/4.8] ==> dir [/usr/lib/gcc/x86_64-linux-gnu/4.8]
    arg [-L/usr/lib/gcc/x86_64-linux-gnu/4.8/../../../x86_64-linux-gnu] ==> dir [/usr/lib/gcc/x86_64-linux-gnu/4.8/../../../x86_64-linux-gnu]
    arg [-L/usr/lib/gcc/x86_64-linux-gnu/4.8/../../../../lib] ==> dir [/usr/lib/gcc/x86_64-linux-gnu/4.8/../../../../lib]
    arg [-L/lib/x86_64-linux-gnu] ==> dir [/lib/x86_64-linux-gnu]
    arg [-L/lib/../lib] ==> dir [/lib/../lib]
    arg [-L/usr/lib/x86_64-linux-gnu] ==> dir [/usr/lib/x86_64-linux-gnu]
    arg [-L/usr/lib/../lib] ==> dir [/usr/lib/../lib]
    arg [-L/usr/lib/gcc/x86_64-linux-gnu/4.8/../../..] ==> dir [/usr/lib/gcc/x86_64-linux-gnu/4.8/../../..]
    arg [CMakeFiles/cmTryCompileExec659749725.dir/CMakeCCompilerABI.c.o] ==> ignore
    arg [-lgcc] ==> lib [gcc]
    arg [--as-needed] ==> ignore
    arg [-lgcc_s] ==> lib [gcc_s]
    arg [--no-as-needed] ==> ignore
    arg [-lc] ==> lib [c]
    arg [-lgcc] ==> lib [gcc]
    arg [--as-needed] ==> ignore
    arg [-lgcc_s] ==> lib [gcc_s]
    arg [--no-as-needed] ==> ignore
    arg [/usr/lib/gcc/x86_64-linux-gnu/4.8/crtend.o] ==> ignore
    arg [/usr/lib/gcc/x86_64-linux-gnu/4.8/../../../x86_64-linux-gnu/crtn.o] ==> ignore
  remove lib [gcc]
  remove lib [gcc_s]
  remove lib [gcc]
  remove lib [gcc_s]
  collapse library dir [/usr/lib/gcc/x86_64-linux-gnu/4.8] ==> [/usr/lib/gcc/x86_64-linux-gnu/4.8]
  collapse library dir [/usr/lib/gcc/x86_64-linux-gnu/4.8/../../../x86_64-linux-gnu] ==> [/usr/lib/x86_64-linux-gnu]
  collapse library dir [/usr/lib/gcc/x86_64-linux-gnu/4.8/../../../../lib] ==> [/usr/lib]
  collapse library dir [/lib/x86_64-linux-gnu] ==> [/lib/x86_64-linux-gnu]
  collapse library dir [/lib/../lib] ==> [/lib]
  collapse library dir [/usr/lib/x86_64-linux-gnu] ==> [/usr/lib/x86_64-linux-gnu]
  collapse library dir [/usr/lib/../lib] ==> [/usr/lib]
  collapse library dir [/usr/lib/gcc/x86_64-linux-gnu/4.8/../../..] ==> [/usr/lib]
  implicit libs: [c]
  implicit dirs: [/usr/lib/gcc/x86_64-linux-gnu/4.8;/usr/lib/x86_64-linux-gnu;/usr/lib;/lib/x86_64-linux-gnu;/lib]
  implicit fwks: []


Determining if the CXX compiler works passed with the following output:
Change Dir: /home/atakan/Algorithms/BubbleSort/CMakeFiles/CMakeTmp

Run Build Command:/usr/bin/make "cmTryCompileExec594894821/fast"
/usr/bin/make -f CMakeFiles/cmTryCompileExec594894821.dir/build.make CMakeFiles/cmTryCompileExec594894821.dir/build
make[1]: Entering directory `/home/atakan/Algorithms/BubbleSort/CMakeFiles/CMakeTmp'
/usr/bin/cmake -E cmake_progress_report /home/atakan/Algorithms/BubbleSort/CMakeFiles/CMakeTmp/CMakeFiles 1
Building CXX object CMakeFiles/cmTryCompileExec594894821.dir/testCXXCompiler.cxx.o
/home/atakan/CROSS_COMPILE/gcc-linaro-4.9-2016.02-x86_64_arm-linux-gnueabihf/bin/arm-linux-gnueabihf-g++     -o CMakeFiles/cmTryCompileExec594894821.dir/testCXXCompiler.cxx.o -c /home/atakan/Algorithms/BubbleSort/CMakeFiles/CMakeTmp/testCXXCompiler.cxx
Linking CXX executable cmTryCompileExec594894821
/usr/bin/cmake -E cmake_link_script CMakeFiles/cmTryCompileExec594894821.dir/link.txt --verbose=1
/home/atakan/CROSS_COMPILE/gcc-linaro-4.9-2016.02-x86_64_arm-linux-gnueabihf/bin/arm-linux-gnueabihf-g++        CMakeFiles/cmTryCompileExec594894821.dir/testCXXCompiler.cxx.o  -o cmTryCompileExec594894821 -rdynamic 
make[1]: Leaving directory `/home/atakan/Algorithms/BubbleSort/CMakeFiles/CMakeTmp'


Detecting CXX compiler ABI info compiled with the following output:
Change Dir: /home/atakan/Algorithms/BubbleSort/CMakeFiles/CMakeTmp

Run Build Command:/usr/bin/make "cmTryCompileExec2670543651/fast"
/usr/bin/make -f CMakeFiles/cmTryCompileExec2670543651.dir/build.make CMakeFiles/cmTryCompileExec2670543651.dir/build
make[1]: Entering directory `/home/atakan/Algorithms/BubbleSort/CMakeFiles/CMakeTmp'
/usr/bin/cmake -E cmake_progress_report /home/atakan/Algorithms/BubbleSort/CMakeFiles/CMakeTmp/CMakeFiles 1
Building CXX object CMakeFiles/cmTryCompileExec2670543651.dir/CMakeCXXCompilerABI.cpp.o
/home/atakan/CROSS_COMPILE/gcc-linaro-4.9-2016.02-x86_64_arm-linux-gnueabihf/bin/arm-linux-gnueabihf-g++     -o CMakeFiles/cmTryCompileExec2670543651.dir/CMakeCXXCompilerABI.cpp.o -c /usr/share/cmake-2.8/Modules/CMakeCXXCompilerABI.cpp
Linking CXX executable cmTryCompileExec2670543651
/usr/bin/cmake -E cmake_link_script CMakeFiles/cmTryCompileExec2670543651.dir/link.txt --verbose=1
/home/atakan/CROSS_COMPILE/gcc-linaro-4.9-2016.02-x86_64_arm-linux-gnueabihf/bin/arm-linux-gnueabihf-g++      -v CMakeFiles/cmTryCompileExec2670543651.dir/CMakeCXXCompilerABI.cpp.o  -o cmTryCompileExec2670543651 -rdynamic  
Using built-in specs.
COLLECT_GCC=/home/atakan/CROSS_COMPILE/gcc-linaro-4.9-2016.02-x86_64_arm-linux-gnueabihf/bin/arm-linux-gnueabihf-g++
COLLECT_LTO_WRAPPER=/home/atakan/CROSS_COMPILE/gcc-linaro-4.9-2016.02-x86_64_arm-linux-gnueabihf/bin/../libexec/gcc/arm-linux-gnueabihf/4.9.4/lto-wrapper
Target: arm-linux-gnueabihf
Configured with: /home/tcwg-buildslave/workspace/tcwg-make-release/label/tcwg-x86_64-ex40/target/arm-linux-gnueabihf/snapshots/gcc-linaro-4.9-2016.02/configure SHELL=/bin/bash --with-bugurl=https://bugs.linaro.org --with-mpc=/home/tcwg-buildslave/workspace/tcwg-make-release/label/tcwg-x86_64-ex40/target/arm-linux-gnueabihf/_build/builds/destdir/x86_64-unknown-linux-gnu --with-mpfr=/home/tcwg-buildslave/workspace/tcwg-make-release/label/tcwg-x86_64-ex40/target/arm-linux-gnueabihf/_build/builds/destdir/x86_64-unknown-linux-gnu --with-gmp=/home/tcwg-buildslave/workspace/tcwg-make-release/label/tcwg-x86_64-ex40/target/arm-linux-gnueabihf/_build/builds/destdir/x86_64-unknown-linux-gnu --with-gnu-as --with-gnu-ld --disable-libstdcxx-pch --disable-libmudflap --with-cloog=no --with-ppl=no --with-isl=no --disable-nls --enable-c99 --with-tune=cortex-a9 --with-arch=armv7-a --with-fpu=vfpv3-d16 --with-float=hard --with-mode=thumb --disable-multilib --enable-multiarch --with-build-sysroot=/home/tcwg-buildslave/workspace/tcwg-make-release/label/tcwg-x86_64-ex40/target/arm-linux-gnueabihf/_build/sysroots/arm-linux-gnueabihf --enable-lto --enable-linker-build-id --enable-long-long --enable-shared --with-sysroot=/home/tcwg-buildslave/workspace/tcwg-make-release/label/tcwg-x86_64-ex40/target/arm-linux-gnueabihf/_build/builds/destdir/x86_64-unknown-linux-gnu/arm-linux-gnueabihf/libc --enable-languages=c,c++,fortran,lto --enable-checking=release --disable-bootstrap --with-bugurl=https://bugs.linaro.org --build=x86_64-unknown-linux-gnu --host=x86_64-unknown-linux-gnu --target=arm-linux-gnueabihf --prefix=/home/tcwg-buildslave/workspace/tcwg-make-release/label/tcwg-x86_64-ex40/target/arm-linux-gnueabihf/_build/builds/destdir/x86_64-unknown-linux-gnu
Thread model: posix
gcc version 4.9.4 20151028 (prerelease) (Linaro GCC 4.9-2016.02) 
COMPILER_PATH=/home/atakan/CROSS_COMPILE/gcc-linaro-4.9-2016.02-x86_64_arm-linux-gnueabihf/bin/../libexec/gcc/arm-linux-gnueabihf/4.9.4/:/home/atakan/CROSS_COMPILE/gcc-linaro-4.9-2016.02-x86_64_arm-linux-gnueabihf/bin/../libexec/gcc/arm-linux-gnueabihf/:/home/atakan/CROSS_COMPILE/gcc-linaro-4.9-2016.02-x86_64_arm-linux-gnueabihf/bin/../libexec/gcc/:/home/atakan/CROSS_COMPILE/gcc-linaro-4.9-2016.02-x86_64_arm-linux-gnueabihf/bin/../lib/gcc/arm-linux-gnueabihf/4.9.4/../../../../arm-linux-gnueabihf/bin/
LIBRARY_PATH=/home/atakan/CROSS_COMPILE/gcc-linaro-4.9-2016.02-x86_64_arm-linux-gnueabihf/bin/../lib/gcc/arm-linux-gnueabihf/4.9.4/:/home/atakan/CROSS_COMPILE/gcc-linaro-4.9-2016.02-x86_64_arm-linux-gnueabihf/bin/../lib/gcc/arm-linux-gnueabihf/:/home/atakan/CROSS_COMPILE/gcc-linaro-4.9-2016.02-x86_64_arm-linux-gnueabihf/bin/../lib/gcc/:/home/atakan/CROSS_COMPILE/gcc-linaro-4.9-2016.02-x86_64_arm-linux-gnueabihf/bin/../lib/gcc/arm-linux-gnueabihf/4.9.4/../../../../arm-linux-gnueabihf/lib/:/home/atakan/CROSS_COMPILE/gcc-linaro-4.9-2016.02-x86_64_arm-linux-gnueabihf/bin/../arm-linux-gnueabihf/libc/lib/:/home/atakan/CROSS_COMPILE/gcc-linaro-4.9-2016.02-x86_64_arm-linux-gnueabihf/bin/../arm-linux-gnueabihf/libc/usr/lib/
COLLECT_GCC_OPTIONS='-v' '-o' 'cmTryCompileExec2670543651' '-rdynamic' '-shared-libgcc' '-march=armv7-a' '-mtune=cortex-a9' '-mfloat-abi=hard' '-mfpu=vfpv3-d16' '-mthumb' '-mtls-dialect=gnu'
 /home/atakan/CROSS_COMPILE/gcc-linaro-4.9-2016.02-x86_64_arm-linux-gnueabihf/bin/../libexec/gcc/arm-linux-gnueabihf/4.9.4/collect2 -plugin /home/atakan/CROSS_COMPILE/gcc-linaro-4.9-2016.02-x86_64_arm-linux-gnueabihf/bin/../libexec/gcc/arm-linux-gnueabihf/4.9.4/liblto_plugin.so -plugin-opt=/home/atakan/CROSS_COMPILE/gcc-linaro-4.9-2016.02-x86_64_arm-linux-gnueabihf/bin/../libexec/gcc/arm-linux-gnueabihf/4.9.4/lto-wrapper -plugin-opt=-fresolution=/tmp/ccj5UOc3.res -plugin-opt=-pass-through=-lgcc_s -plugin-opt=-pass-through=-lgcc -plugin-opt=-pass-through=-lc -plugin-opt=-pass-through=-lgcc_s -plugin-opt=-pass-through=-lgcc --sysroot=/home/atakan/CROSS_COMPILE/gcc-linaro-4.9-2016.02-x86_64_arm-linux-gnueabihf/bin/../arm-linux-gnueabihf/libc --build-id --eh-frame-hdr -export-dynamic -dynamic-linker /lib/ld-linux-armhf.so.3 -X -m armelf_linux_eabi -o cmTryCompileExec2670543651 /home/atakan/CROSS_COMPILE/gcc-linaro-4.9-2016.02-x86_64_arm-linux-gnueabihf/bin/../arm-linux-gnueabihf/libc/usr/lib/crt1.o /home/atakan/CROSS_COMPILE/gcc-linaro-4.9-2016.02-x86_64_arm-linux-gnueabihf/bin/../arm-linux-gnueabihf/libc/usr/lib/crti.o /home/atakan/CROSS_COMPILE/gcc-linaro-4.9-2016.02-x86_64_arm-linux-gnueabihf/bin/../lib/gcc/arm-linux-gnueabihf/4.9.4/crtbegin.o -L/home/atakan/CROSS_COMPILE/gcc-linaro-4.9-2016.02-x86_64_arm-linux-gnueabihf/bin/../lib/gcc/arm-linux-gnueabihf/4.9.4 -L/home/atakan/CROSS_COMPILE/gcc-linaro-4.9-2016.02-x86_64_arm-linux-gnueabihf/bin/../lib/gcc/arm-linux-gnueabihf -L/home/atakan/CROSS_COMPILE/gcc-linaro-4.9-2016.02-x86_64_arm-linux-gnueabihf/bin/../lib/gcc -L/home/atakan/CROSS_COMPILE/gcc-linaro-4.9-2016.02-x86_64_arm-linux-gnueabihf/bin/../lib/gcc/arm-linux-gnueabihf/4.9.4/../../../../arm-linux-gnueabihf/lib -L/home/atakan/CROSS_COMPILE/gcc-linaro-4.9-2016.02-x86_64_arm-linux-gnueabihf/bin/../arm-linux-gnueabihf/libc/lib -L/home/atakan/CROSS_COMPILE/gcc-linaro-4.9-2016.02-x86_64_arm-linux-gnueabihf/bin/../arm-linux-gnueabihf/libc/usr/lib CMakeFiles/cmTryCompileExec2670543651.dir/CMakeCXXCompilerABI.cpp.o -lstdc++ -lm -lgcc_s -lgcc -lc -lgcc_s -lgcc /home/atakan/CROSS_COMPILE/gcc-linaro-4.9-2016.02-x86_64_arm-linux-gnueabihf/bin/../lib/gcc/arm-linux-gnueabihf/4.9.4/crtend.o /home/atakan/CROSS_COMPILE/gcc-linaro-4.9-2016.02-x86_64_arm-linux-gnueabihf/bin/../arm-linux-gnueabihf/libc/usr/lib/crtn.o
make[1]: Leaving directory `/home/atakan/Algorithms/BubbleSort/CMakeFiles/CMakeTmp'


Parsed CXX implicit link information from above output:
  link line regex: [^( *|.*[/\])(ld|([^/\]+-)?ld|collect2)[^/\]*( |$)]
  ignore line: [Change Dir: /home/atakan/Algorithms/BubbleSort/CMakeFiles/CMakeTmp]
  ignore line: []
  ignore line: [Run Build Command:/usr/bin/make "cmTryCompileExec2670543651/fast"]
  ignore line: [/usr/bin/make -f CMakeFiles/cmTryCompileExec2670543651.dir/build.make CMakeFiles/cmTryCompileExec2670543651.dir/build]
  ignore line: [make[1]: Entering directory `/home/atakan/Algorithms/BubbleSort/CMakeFiles/CMakeTmp']
  ignore line: [/usr/bin/cmake -E cmake_progress_report /home/atakan/Algorithms/BubbleSort/CMakeFiles/CMakeTmp/CMakeFiles 1]
  ignore line: [Building CXX object CMakeFiles/cmTryCompileExec2670543651.dir/CMakeCXXCompilerABI.cpp.o]
  ignore line: [/home/atakan/CROSS_COMPILE/gcc-linaro-4.9-2016.02-x86_64_arm-linux-gnueabihf/bin/arm-linux-gnueabihf-g++     -o CMakeFiles/cmTryCompileExec2670543651.dir/CMakeCXXCompilerABI.cpp.o -c /usr/share/cmake-2.8/Modules/CMakeCXXCompilerABI.cpp]
  ignore line: [Linking CXX executable cmTryCompileExec2670543651]
  ignore line: [/usr/bin/cmake -E cmake_link_script CMakeFiles/cmTryCompileExec2670543651.dir/link.txt --verbose=1]
  ignore line: [/home/atakan/CROSS_COMPILE/gcc-linaro-4.9-2016.02-x86_64_arm-linux-gnueabihf/bin/arm-linux-gnueabihf-g++      -v CMakeFiles/cmTryCompileExec2670543651.dir/CMakeCXXCompilerABI.cpp.o  -o cmTryCompileExec2670543651 -rdynamic  ]
  ignore line: [Using built-in specs.]
  ignore line: [COLLECT_GCC=/home/atakan/CROSS_COMPILE/gcc-linaro-4.9-2016.02-x86_64_arm-linux-gnueabihf/bin/arm-linux-gnueabihf-g++]
  ignore line: [COLLECT_LTO_WRAPPER=/home/atakan/CROSS_COMPILE/gcc-linaro-4.9-2016.02-x86_64_arm-linux-gnueabihf/bin/../libexec/gcc/arm-linux-gnueabihf/4.9.4/lto-wrapper]
  ignore line: [Target: arm-linux-gnueabihf]
  ignore line: [Configured with: /home/tcwg-buildslave/workspace/tcwg-make-release/label/tcwg-x86_64-ex40/target/arm-linux-gnueabihf/snapshots/gcc-linaro-4.9-2016.02/configure SHELL=/bin/bash --with-bugurl=https://bugs.linaro.org --with-mpc=/home/tcwg-buildslave/workspace/tcwg-make-release/label/tcwg-x86_64-ex40/target/arm-linux-gnueabihf/_build/builds/destdir/x86_64-unknown-linux-gnu --with-mpfr=/home/tcwg-buildslave/workspace/tcwg-make-release/label/tcwg-x86_64-ex40/target/arm-linux-gnueabihf/_build/builds/destdir/x86_64-unknown-linux-gnu --with-gmp=/home/tcwg-buildslave/workspace/tcwg-make-release/label/tcwg-x86_64-ex40/target/arm-linux-gnueabihf/_build/builds/destdir/x86_64-unknown-linux-gnu --with-gnu-as --with-gnu-ld --disable-libstdcxx-pch --disable-libmudflap --with-cloog=no --with-ppl=no --with-isl=no --disable-nls --enable-c99 --with-tune=cortex-a9 --with-arch=armv7-a --with-fpu=vfpv3-d16 --with-float=hard --with-mode=thumb --disable-multilib --enable-multiarch --with-build-sysroot=/home/tcwg-buildslave/workspace/tcwg-make-release/label/tcwg-x86_64-ex40/target/arm-linux-gnueabihf/_build/sysroots/arm-linux-gnueabihf --enable-lto --enable-linker-build-id --enable-long-long --enable-shared --with-sysroot=/home/tcwg-buildslave/workspace/tcwg-make-release/label/tcwg-x86_64-ex40/target/arm-linux-gnueabihf/_build/builds/destdir/x86_64-unknown-linux-gnu/arm-linux-gnueabihf/libc --enable-languages=c,c++,fortran,lto --enable-checking=release --disable-bootstrap --with-bugurl=https://bugs.linaro.org --build=x86_64-unknown-linux-gnu --host=x86_64-unknown-linux-gnu --target=arm-linux-gnueabihf --prefix=/home/tcwg-buildslave/workspace/tcwg-make-release/label/tcwg-x86_64-ex40/target/arm-linux-gnueabihf/_build/builds/destdir/x86_64-unknown-linux-gnu]
  ignore line: [Thread model: posix]
  ignore line: [gcc version 4.9.4 20151028 (prerelease) (Linaro GCC 4.9-2016.02) ]
  ignore line: [COMPILER_PATH=/home/atakan/CROSS_COMPILE/gcc-linaro-4.9-2016.02-x86_64_arm-linux-gnueabihf/bin/../libexec/gcc/arm-linux-gnueabihf/4.9.4/:/home/atakan/CROSS_COMPILE/gcc-linaro-4.9-2016.02-x86_64_arm-linux-gnueabihf/bin/../libexec/gcc/arm-linux-gnueabihf/:/home/atakan/CROSS_COMPILE/gcc-linaro-4.9-2016.02-x86_64_arm-linux-gnueabihf/bin/../libexec/gcc/:/home/atakan/CROSS_COMPILE/gcc-linaro-4.9-2016.02-x86_64_arm-linux-gnueabihf/bin/../lib/gcc/arm-linux-gnueabihf/4.9.4/../../../../arm-linux-gnueabihf/bin/]
  ignore line: [LIBRARY_PATH=/home/atakan/CROSS_COMPILE/gcc-linaro-4.9-2016.02-x86_64_arm-linux-gnueabihf/bin/../lib/gcc/arm-linux-gnueabihf/4.9.4/:/home/atakan/CROSS_COMPILE/gcc-linaro-4.9-2016.02-x86_64_arm-linux-gnueabihf/bin/../lib/gcc/arm-linux-gnueabihf/:/home/atakan/CROSS_COMPILE/gcc-linaro-4.9-2016.02-x86_64_arm-linux-gnueabihf/bin/../lib/gcc/:/home/atakan/CROSS_COMPILE/gcc-linaro-4.9-2016.02-x86_64_arm-linux-gnueabihf/bin/../lib/gcc/arm-linux-gnueabihf/4.9.4/../../../../arm-linux-gnueabihf/lib/:/home/atakan/CROSS_COMPILE/gcc-linaro-4.9-2016.02-x86_64_arm-linux-gnueabihf/bin/../arm-linux-gnueabihf/libc/lib/:/home/atakan/CROSS_COMPILE/gcc-linaro-4.9-2016.02-x86_64_arm-linux-gnueabihf/bin/../arm-linux-gnueabihf/libc/usr/lib/]
  ignore line: [COLLECT_GCC_OPTIONS='-v' '-o' 'cmTryCompileExec2670543651' '-rdynamic' '-shared-libgcc' '-march=armv7-a' '-mtune=cortex-a9' '-mfloat-abi=hard' '-mfpu=vfpv3-d16' '-mthumb' '-mtls-dialect=gnu']
  link line: [ /home/atakan/CROSS_COMPILE/gcc-linaro-4.9-2016.02-x86_64_arm-linux-gnueabihf/bin/../libexec/gcc/arm-linux-gnueabihf/4.9.4/collect2 -plugin /home/atakan/CROSS_COMPILE/gcc-linaro-4.9-2016.02-x86_64_arm-linux-gnueabihf/bin/../libexec/gcc/arm-linux-gnueabihf/4.9.4/liblto_plugin.so -plugin-opt=/home/atakan/CROSS_COMPILE/gcc-linaro-4.9-2016.02-x86_64_arm-linux-gnueabihf/bin/../libexec/gcc/arm-linux-gnueabihf/4.9.4/lto-wrapper -plugin-opt=-fresolution=/tmp/ccj5UOc3.res -plugin-opt=-pass-through=-lgcc_s -plugin-opt=-pass-through=-lgcc -plugin-opt=-pass-through=-lc -plugin-opt=-pass-through=-lgcc_s -plugin-opt=-pass-through=-lgcc --sysroot=/home/atakan/CROSS_COMPILE/gcc-linaro-4.9-2016.02-x86_64_arm-linux-gnueabihf/bin/../arm-linux-gnueabihf/libc --build-id --eh-frame-hdr -export-dynamic -dynamic-linker /lib/ld-linux-armhf.so.3 -X -m armelf_linux_eabi -o cmTryCompileExec2670543651 /home/atakan/CROSS_COMPILE/gcc-linaro-4.9-2016.02-x86_64_arm-linux-gnueabihf/bin/../arm-linux-gnueabihf/libc/usr/lib/crt1.o /home/atakan/CROSS_COMPILE/gcc-linaro-4.9-2016.02-x86_64_arm-linux-gnueabihf/bin/../arm-linux-gnueabihf/libc/usr/lib/crti.o /home/atakan/CROSS_COMPILE/gcc-linaro-4.9-2016.02-x86_64_arm-linux-gnueabihf/bin/../lib/gcc/arm-linux-gnueabihf/4.9.4/crtbegin.o -L/home/atakan/CROSS_COMPILE/gcc-linaro-4.9-2016.02-x86_64_arm-linux-gnueabihf/bin/../lib/gcc/arm-linux-gnueabihf/4.9.4 -L/home/atakan/CROSS_COMPILE/gcc-linaro-4.9-2016.02-x86_64_arm-linux-gnueabihf/bin/../lib/gcc/arm-linux-gnueabihf -L/home/atakan/CROSS_COMPILE/gcc-linaro-4.9-2016.02-x86_64_arm-linux-gnueabihf/bin/../lib/gcc -L/home/atakan/CROSS_COMPILE/gcc-linaro-4.9-2016.02-x86_64_arm-linux-gnueabihf/bin/../lib/gcc/arm-linux-gnueabihf/4.9.4/../../../../arm-linux-gnueabihf/lib -L/home/atakan/CROSS_COMPILE/gcc-linaro-4.9-2016.02-x86_64_arm-linux-gnueabihf/bin/../arm-linux-gnueabihf/libc/lib -L/home/atakan/CROSS_COMPILE/gcc-linaro-4.9-2016.02-x86_64_arm-linux-gnueabihf/bin/../arm-linux-gnueabihf/libc/usr/lib CMakeFiles/cmTryCompileExec2670543651.dir/CMakeCXXCompilerABI.cpp.o -lstdc++ -lm -lgcc_s -lgcc -lc -lgcc_s -lgcc /home/atakan/CROSS_COMPILE/gcc-linaro-4.9-2016.02-x86_64_arm-linux-gnueabihf/bin/../lib/gcc/arm-linux-gnueabihf/4.9.4/crtend.o /home/atakan/CROSS_COMPILE/gcc-linaro-4.9-2016.02-x86_64_arm-linux-gnueabihf/bin/../arm-linux-gnueabihf/libc/usr/lib/crtn.o]
    arg [/home/atakan/CROSS_COMPILE/gcc-linaro-4.9-2016.02-x86_64_arm-linux-gnueabihf/bin/../libexec/gcc/arm-linux-gnueabihf/4.9.4/collect2] ==> ignore
    arg [-plugin] ==> ignore
    arg [/home/atakan/CROSS_COMPILE/gcc-linaro-4.9-2016.02-x86_64_arm-linux-gnueabihf/bin/../libexec/gcc/arm-linux-gnueabihf/4.9.4/liblto_plugin.so] ==> ignore
    arg [-plugin-opt=/home/atakan/CROSS_COMPILE/gcc-linaro-4.9-2016.02-x86_64_arm-linux-gnueabihf/bin/../libexec/gcc/arm-linux-gnueabihf/4.9.4/lto-wrapper] ==> ignore
    arg [-plugin-opt=-fresolution=/tmp/ccj5UOc3.res] ==> ignore
    arg [-plugin-opt=-pass-through=-lgcc_s] ==> ignore
    arg [-plugin-opt=-pass-through=-lgcc] ==> ignore
    arg [-plugin-opt=-pass-through=-lc] ==> ignore
    arg [-plugin-opt=-pass-through=-lgcc_s] ==> ignore
    arg [-plugin-opt=-pass-through=-lgcc] ==> ignore
    arg [--sysroot=/home/atakan/CROSS_COMPILE/gcc-linaro-4.9-2016.02-x86_64_arm-linux-gnueabihf/bin/../arm-linux-gnueabihf/libc] ==> ignore
    arg [--build-id] ==> ignore
    arg [--eh-frame-hdr] ==> ignore
    arg [-export-dynamic] ==> ignore
    arg [-dynamic-linker] ==> ignore
    arg [/lib/ld-linux-armhf.so.3] ==> ignore
    arg [-X] ==> ignore
    arg [-m] ==> ignore
    arg [armelf_linux_eabi] ==> ignore
    arg [-o] ==> ignore
    arg [cmTryCompileExec2670543651] ==> ignore
    arg [/home/atakan/CROSS_COMPILE/gcc-linaro-4.9-2016.02-x86_64_arm-linux-gnueabihf/bin/../arm-linux-gnueabihf/libc/usr/lib/crt1.o] ==> ignore
    arg [/home/atakan/CROSS_COMPILE/gcc-linaro-4.9-2016.02-x86_64_arm-linux-gnueabihf/bin/../arm-linux-gnueabihf/libc/usr/lib/crti.o] ==> ignore
    arg [/home/atakan/CROSS_COMPILE/gcc-linaro-4.9-2016.02-x86_64_arm-linux-gnueabihf/bin/../lib/gcc/arm-linux-gnueabihf/4.9.4/crtbegin.o] ==> ignore
    arg [-L/home/atakan/CROSS_COMPILE/gcc-linaro-4.9-2016.02-x86_64_arm-linux-gnueabihf/bin/../lib/gcc/arm-linux-gnueabihf/4.9.4] ==> dir [/home/atakan/CROSS_COMPILE/gcc-linaro-4.9-2016.02-x86_64_arm-linux-gnueabihf/bin/../lib/gcc/arm-linux-gnueabihf/4.9.4]
    arg [-L/home/atakan/CROSS_COMPILE/gcc-linaro-4.9-2016.02-x86_64_arm-linux-gnueabihf/bin/../lib/gcc/arm-linux-gnueabihf] ==> dir [/home/atakan/CROSS_COMPILE/gcc-linaro-4.9-2016.02-x86_64_arm-linux-gnueabihf/bin/../lib/gcc/arm-linux-gnueabihf]
    arg [-L/home/atakan/CROSS_COMPILE/gcc-linaro-4.9-2016.02-x86_64_arm-linux-gnueabihf/bin/../lib/gcc] ==> dir [/home/atakan/CROSS_COMPILE/gcc-linaro-4.9-2016.02-x86_64_arm-linux-gnueabihf/bin/../lib/gcc]
    arg [-L/home/atakan/CROSS_COMPILE/gcc-linaro-4.9-2016.02-x86_64_arm-linux-gnueabihf/bin/../lib/gcc/arm-linux-gnueabihf/4.9.4/../../../../arm-linux-gnueabihf/lib] ==> dir [/home/atakan/CROSS_COMPILE/gcc-linaro-4.9-2016.02-x86_64_arm-linux-gnueabihf/bin/../lib/gcc/arm-linux-gnueabihf/4.9.4/../../../../arm-linux-gnueabihf/lib]
    arg [-L/home/atakan/CROSS_COMPILE/gcc-linaro-4.9-2016.02-x86_64_arm-linux-gnueabihf/bin/../arm-linux-gnueabihf/libc/lib] ==> dir [/home/atakan/CROSS_COMPILE/gcc-linaro-4.9-2016.02-x86_64_arm-linux-gnueabihf/bin/../arm-linux-gnueabihf/libc/lib]
    arg [-L/home/atakan/CROSS_COMPILE/gcc-linaro-4.9-2016.02-x86_64_arm-linux-gnueabihf/bin/../arm-linux-gnueabihf/libc/usr/lib] ==> dir [/home/atakan/CROSS_COMPILE/gcc-linaro-4.9-2016.02-x86_64_arm-linux-gnueabihf/bin/../arm-linux-gnueabihf/libc/usr/lib]
    arg [CMakeFiles/cmTryCompileExec2670543651.dir/CMakeCXXCompilerABI.cpp.o] ==> ignore
    arg [-lstdc++] ==> lib [stdc++]
    arg [-lm] ==> lib [m]
    arg [-lgcc_s] ==> lib [gcc_s]
    arg [-lgcc] ==> lib [gcc]
    arg [-lc] ==> lib [c]
    arg [-lgcc_s] ==> lib [gcc_s]
    arg [-lgcc] ==> lib [gcc]
    arg [/home/atakan/CROSS_COMPILE/gcc-linaro-4.9-2016.02-x86_64_arm-linux-gnueabihf/bin/../lib/gcc/arm-linux-gnueabihf/4.9.4/crtend.o] ==> ignore
    arg [/home/atakan/CROSS_COMPILE/gcc-linaro-4.9-2016.02-x86_64_arm-linux-gnueabihf/bin/../arm-linux-gnueabihf/libc/usr/lib/crtn.o] ==> ignore
  remove lib [gcc_s]
  remove lib [gcc]
  remove lib [gcc_s]
  remove lib [gcc]
  collapse library dir [/home/atakan/CROSS_COMPILE/gcc-linaro-4.9-2016.02-x86_64_arm-linux-gnueabihf/bin/../lib/gcc/arm-linux-gnueabihf/4.9.4] ==> [/home/atakan/CROSS_COMPILE/gcc-linaro-4.9-2016.02-x86_64_arm-linux-gnueabihf/lib/gcc/arm-linux-gnueabihf/4.9.4]
  collapse library dir [/home/atakan/CROSS_COMPILE/gcc-linaro-4.9-2016.02-x86_64_arm-linux-gnueabihf/bin/../lib/gcc/arm-linux-gnueabihf] ==> [/home/atakan/CROSS_COMPILE/gcc-linaro-4.9-2016.02-x86_64_arm-linux-gnueabihf/lib/gcc/arm-linux-gnueabihf]
  collapse library dir [/home/atakan/CROSS_COMPILE/gcc-linaro-4.9-2016.02-x86_64_arm-linux-gnueabihf/bin/../lib/gcc] ==> [/home/atakan/CROSS_COMPILE/gcc-linaro-4.9-2016.02-x86_64_arm-linux-gnueabihf/lib/gcc]
  collapse library dir [/home/atakan/CROSS_COMPILE/gcc-linaro-4.9-2016.02-x86_64_arm-linux-gnueabihf/bin/../lib/gcc/arm-linux-gnueabihf/4.9.4/../../../../arm-linux-gnueabihf/lib] ==> [/home/atakan/CROSS_COMPILE/gcc-linaro-4.9-2016.02-x86_64_arm-linux-gnueabihf/arm-linux-gnueabihf/lib]
  collapse library dir [/home/atakan/CROSS_COMPILE/gcc-linaro-4.9-2016.02-x86_64_arm-linux-gnueabihf/bin/../arm-linux-gnueabihf/libc/lib] ==> [/home/atakan/CROSS_COMPILE/gcc-linaro-4.9-2016.02-x86_64_arm-linux-gnueabihf/arm-linux-gnueabihf/libc/lib]
  collapse library dir [/home/atakan/CROSS_COMPILE/gcc-linaro-4.9-2016.02-x86_64_arm-linux-gnueabihf/bin/../arm-linux-gnueabihf/libc/usr/lib] ==> [/home/atakan/CROSS_COMPILE/gcc-linaro-4.9-2016.02-x86_64_arm-linux-gnueabihf/arm-linux-gnueabihf/libc/usr/lib]
  implicit libs: [stdc++;m;c]
  implicit dirs: [/home/atakan/CROSS_COMPILE/gcc-linaro-4.9-2016.02-x86_64_arm-linux-gnueabihf/lib/gcc/arm-linux-gnueabihf/4.9.4;/home/atakan/CROSS_COMPILE/gcc-linaro-4.9-2016.02-x86_64_arm-linux-gnueabihf/lib/gcc/arm-linux-gnueabihf;/home/atakan/CROSS_COMPILE/gcc-linaro-4.9-2016.02-x86_64_arm-linux-gnueabihf/lib/gcc;/home/atakan/CROSS_COMPILE/gcc-linaro-4.9-2016.02-x86_64_arm-linux-gnueabihf/arm-linux-gnueabihf/lib;/home/atakan/CROSS_COMPILE/gcc-linaro-4.9-2016.02-x86_64_arm-linux-gnueabihf/arm-linux-gnueabihf/libc/lib;/home/atakan/CROSS_COMPILE/gcc-linaro-4.9-2016.02-x86_64_arm-linux-gnueabihf/arm-linux-gnueabihf/libc/usr/lib]
  implicit fwks: []


